  Server.cpp
C:\Users\Owner\source\repos\GAPT\main\Server\Timer.hpp(16,48): warning C4244: 'initializing': conversion from 'Uint64' to 'Uint32', possible loss of data
  (compiling source file 'Server.cpp')
  
C:\Users\Owner\source\repos\GAPT\main\Server\Timer.hpp(21,28): warning C4244: 'initializing': conversion from 'Uint64' to 'Uint32', possible loss of data
  (compiling source file 'Server.cpp')
  
C:\Users\Owner\source\repos\GAPT\main\Server\Server.cpp(93,14): warning C4244: 'initializing': conversion from 'SOCKET' to 'int', possible loss of data
C:\Users\Owner\source\repos\GAPT\main\Server\Server.cpp(135,20): warning C4244: 'initializing': conversion from 'SOCKET' to 'int', possible loss of data
C:\Users\Owner\source\repos\GAPT\main\Server\Server.cpp(178,75): warning C4267: 'argument': conversion from 'size_t' to 'int', possible loss of data
C:\Users\Owner\source\repos\GAPT\main\Server\Server.cpp(185,75): warning C4267: 'argument': conversion from 'size_t' to 'int', possible loss of data
C:\Users\Owner\source\repos\GAPT\main\Server\Server.cpp(388,41): warning C4267: 'argument': conversion from 'size_t' to 'int', possible loss of data
C:\Users\Owner\source\repos\GAPT\main\Server\Server.cpp(435,66): warning C4267: 'argument': conversion from 'size_t' to 'int', possible loss of data
C:\Users\Owner\source\repos\GAPT\main\Server\Server.cpp(436,66): warning C4267: 'argument': conversion from 'size_t' to 'int', possible loss of data
C:\Users\Owner\source\repos\GAPT\main\Server\Server.cpp(466,79): warning C4267: 'argument': conversion from 'size_t' to 'int', possible loss of data
C:\Users\Owner\source\repos\GAPT\main\Server\Server.cpp(467,77): warning C4267: 'argument': conversion from 'size_t' to 'int', possible loss of data
C:\Users\Owner\source\repos\GAPT\main\Server\Server.cpp(473,73): warning C4267: 'argument': conversion from 'size_t' to 'int', possible loss of data
C:\Users\Owner\source\repos\GAPT\main\Server\Server.cpp(478,71): warning C4267: 'argument': conversion from 'size_t' to 'int', possible loss of data
C:\Users\Owner\source\repos\GAPT\main\Server\Server.cpp(490,59): warning C4267: 'argument': conversion from 'size_t' to 'int', possible loss of data
C:\Users\Owner\source\repos\GAPT\main\Server\Server.cpp(491,61): warning C4267: 'argument': conversion from 'size_t' to 'int', possible loss of data
C:\Users\Owner\source\repos\GAPT\main\Server\Server.cpp(528,58): warning C4267: 'argument': conversion from 'size_t' to 'int', possible loss of data
C:\Users\Owner\source\repos\GAPT\main\Server\Server.cpp(529,58): warning C4267: 'argument': conversion from 'size_t' to 'int', possible loss of data
C:\Users\Owner\source\repos\GAPT\main\Server\Server.cpp(605,66): warning C4267: 'argument': conversion from 'size_t' to 'int', possible loss of data
C:\Users\Owner\source\repos\GAPT\main\Server\Server.cpp(625,60): warning C4267: 'argument': conversion from 'size_t' to 'int', possible loss of data
C:\Users\Owner\source\repos\GAPT\main\Server\Server.cpp(626,60): warning C4267: 'argument': conversion from 'size_t' to 'int', possible loss of data
C:\Users\Owner\source\repos\GAPT\main\Server\Server.cpp(627,64): warning C4267: 'argument': conversion from 'size_t' to 'int', possible loss of data
C:\Users\Owner\source\repos\GAPT\main\Server\Server.cpp(628,64): warning C4267: 'argument': conversion from 'size_t' to 'int', possible loss of data
C:\Users\Owner\source\repos\GAPT\main\Server\Server.cpp(691,19): warning C4244: 'initializing': conversion from 'SOCKET' to 'int', possible loss of data
C:\Users\Owner\source\repos\GAPT\main\Server\Server.cpp(714,27): warning C4244: 'initializing': conversion from 'SOCKET' to 'int', possible loss of data
Shapes.obj : warning LNK4099: PDB '' was not found with 'Shapes.obj' or at ''; linking object as if no debug info
Timer.obj : warning LNK4099: PDB '' was not found with 'Timer.obj' or at ''; linking object as if no debug info
  Server.vcxproj -> C:\Users\Owner\source\repos\GAPT\main\x64\Debug\Server.exe
  'pwsh.exe' is not recognized as an internal or external command,
  operable program or batch file.
