  Grid.cpp
C:\Users\Jurgen Cauchi\Documents\GitHub\GAPT\main\main\Grid.hpp(37,36): warning C4244: 'initializing': conversion from 'int' to 'float', possible loss of data
  (compiling source file 'Grid.cpp')
  
C:\Users\Jurgen Cauchi\Documents\GitHub\GAPT\main\main\Grid.hpp(37,27): warning C4244: 'initializing': conversion from 'int' to 'const float', possible loss of data
  (compiling source file 'Grid.cpp')
  
C:\Users\Jurgen Cauchi\Documents\GitHub\GAPT\main\main\Grid.hpp(40,24): warning C4244: 'argument': conversion from 'int' to 'float', possible loss of data
  (compiling source file 'Grid.cpp')
  
C:\Users\Jurgen Cauchi\Documents\GitHub\GAPT\main\main\Grid.hpp(39,17): warning C4244: 'argument': conversion from 'int' to 'float', possible loss of data
  (compiling source file 'Grid.cpp')
  
C:\Users\Jurgen Cauchi\Documents\GitHub\GAPT\main\main\Grid.hpp(46,36): warning C4244: 'initializing': conversion from 'int' to 'float', possible loss of data
  (compiling source file 'Grid.cpp')
  
C:\Users\Jurgen Cauchi\Documents\GitHub\GAPT\main\main\Grid.hpp(46,27): warning C4244: 'initializing': conversion from 'int' to 'const float', possible loss of data
  (compiling source file 'Grid.cpp')
  
C:\Users\Jurgen Cauchi\Documents\GitHub\GAPT\main\main\Grid.hpp(49,27): warning C4244: 'argument': conversion from 'int' to 'float', possible loss of data
  (compiling source file 'Grid.cpp')
  
C:\Users\Jurgen Cauchi\Documents\GitHub\GAPT\main\main\Grid.hpp(48,20): warning C4244: 'argument': conversion from 'int' to 'float', possible loss of data
  (compiling source file 'Grid.cpp')
  
  Menu.cpp
  Tetromino.cpp
C:\Users\Jurgen Cauchi\Documents\GitHub\GAPT\main\main\Tetromino.cpp(303,30): warning C4244: 'initializing': conversion from '__int64' to 'int', possible loss of data
  Generating Code...
  main.vcxproj -> C:\Users\Jurgen Cauchi\Documents\GitHub\GAPT\main\x64\Debug\main.exe
